<?xml version="1.0" encoding="UTF-8"?>
<!-- Generated by org.testng.reporters.JUnitXMLReporter -->
<testsuite ignored="0" hostname="CE75U19135" failures="0" tests="3" name="Default test" time="335.825" errors="0" timestamp="2025-03-14T15:57:17 CET">
  <testcase classname="tr_skipper_bout_en_bout.Sk_transmission_code_inscription_avocat" name="ouverture_Skipper" time="215.146"/>
  <testcase classname="tr_skipper_bout_en_bout.Sk_transmission_code_inscription_avocat" name="verification_BD" time="79.709"/>
  <testcase classname="tr_skipper_bout_en_bout.Sk_transmission_code_inscription_avocat" name="navigation_TR" time="40.919"/>
</testsuite> <!-- Default test -->
