<?xml version="1.0" encoding="UTF-8"?>
<!-- Generated by org.testng.reporters.JUnitXMLReporter -->
<testsuite ignored="1" hostname="CE75U19135" failures="0" tests="1" name="Default test" time="48.447" errors="0" timestamp="2024-10-10T10:18:59 CEST">
  <testcase classname="trc.InscriptionTrc" name="formulaireMoralTrc" time="48.033"/>
  <testcase classname="trc.InscriptionTrc" name="formulaireParticulierTrc" time="0.0">
    <ignored/>
  </testcase> <!-- formulaireParticulierTrc -->
</testsuite> <!-- Default test -->
