<?xml version="1.0" encoding="UTF-8"?>
<testng-results ignored="0" total="1" passed="1" failed="0" skipped="0">
  <reporter-output>
  </reporter-output>
  <suite started-at="2024-12-20T17:56:29 CET" name="Default suite" finished-at="2024-12-20T17:57:22 CET" duration-ms="53138">
    <groups>
    </groups>
    <test started-at="2024-12-20T17:56:29 CET" name="Default test" finished-at="2024-12-20T17:57:22 CET" duration-ms="53138">
      <class name="document.trDoc">
        <test-method is-config="true" signature="InitialisationDoc()[pri:0, instance:document.trDoc@65d09a04]" started-at="2024-12-20T17:55:32 CET" name="InitialisationDoc" finished-at="2024-12-20T17:56:29 CET" duration-ms="57327" status="PASS">
          <reporter-output>
          </reporter-output>
        </test-method> <!-- InitialisationDoc -->
        <test-method is-config="true" signature="connexionTr()[pri:0, instance:document.trDoc@65d09a04]" started-at="2024-12-20T17:56:29 CET" name="connexionTr" finished-at="2024-12-20T17:56:32 CET" duration-ms="2815" status="PASS">
          <reporter-output>
          </reporter-output>
        </test-method> <!-- connexionTr -->
        <test-method signature="depotDoc()[pri:0, instance:document.trDoc@65d09a04]" started-at="2024-12-20T17:56:32 CET" name="depotDoc" finished-at="2024-12-20T17:57:22 CET" duration-ms="50076" status="PASS">
          <reporter-output>
          </reporter-output>
        </test-method> <!-- depotDoc -->
        <test-method is-config="true" signature="déconnexion()[pri:0, instance:document.trDoc@65d09a04]" started-at="2024-12-20T17:57:22 CET" name="déconnexion" finished-at="2024-12-20T17:57:22 CET" duration-ms="206" status="PASS">
          <reporter-output>
          </reporter-output>
        </test-method> <!-- déconnexion -->
        <test-method is-config="true" signature="fin()[pri:0, instance:document.trDoc@65d09a04]" started-at="2024-12-20T17:57:23 CET" name="fin" finished-at="2024-12-20T17:57:23 CET" duration-ms="186" status="PASS">
          <reporter-output>
          </reporter-output>
        </test-method> <!-- fin -->
      </class> <!-- document.trDoc -->
    </test> <!-- Default test -->
  </suite> <!-- Default suite -->
</testng-results>
