<?xml version="1.0" encoding="UTF-8"?>
<testng-results ignored="1" total="2" passed="1" failed="0" skipped="0">
  <reporter-output>
  </reporter-output>
  <suite started-at="2024-10-10T10:18:11 CEST" name="Default suite" finished-at="2024-10-10T10:18:59 CEST" duration-ms="48447">
    <groups>
    </groups>
    <test started-at="2024-10-10T10:18:11 CEST" name="Default test" finished-at="2024-10-10T10:18:59 CEST" duration-ms="48447">
      <class name="trc.InscriptionTrc">
        <test-method is-config="true" signature="navigateur()[pri:0, instance:trc.InscriptionTrc@302552ec]" started-at="2024-10-10T10:18:09 CEST" name="navigateur" finished-at="2024-10-10T10:18:11 CEST" duration-ms="1609" status="PASS">
          <reporter-output>
          </reporter-output>
        </test-method> <!-- navigateur -->
        <test-method is-config="true" signature="getPageTrc()[pri:0, instance:trc.InscriptionTrc@302552ec]" started-at="2024-10-10T10:18:11 CEST" name="getPageTrc" finished-at="2024-10-10T10:18:11 CEST" duration-ms="384" status="PASS">
          <reporter-output>
          </reporter-output>
        </test-method> <!-- getPageTrc -->
        <test-method signature="formulaireMoralTrc()[pri:2, instance:trc.InscriptionTrc@302552ec]" started-at="2024-10-10T10:18:11 CEST" name="formulaireMoralTrc" finished-at="2024-10-10T10:18:59 CEST" duration-ms="48033" status="PASS">
          <reporter-output>
          </reporter-output>
        </test-method> <!-- formulaireMoralTrc -->
        <test-method is-config="true" signature="fin()[pri:0, instance:trc.InscriptionTrc@302552ec]" started-at="2024-10-10T10:18:59 CEST" name="fin" finished-at="2024-10-10T10:19:00 CEST" duration-ms="951" status="PASS">
          <reporter-output>
          </reporter-output>
        </test-method> <!-- fin -->
      </class> <!-- trc.InscriptionTrc -->
    </test> <!-- Default test -->
  </suite> <!-- Default suite -->
</testng-results>
