<?xml version="1.0" encoding="UTF-8"?>
<!-- Generated by org.testng.reporters.JUnitReportReporter -->
<testsuite hostname="CE75U19135" failures="0" tests="5" name="document.trcDoc" time="98.868" errors="0" timestamp="2024-10-09T10:54:03 CEST" skipped="0">
  <testcase classname="document.trcDoc" name="Trc_creation_dossier" time="0.009"/>
  <system-out/>
  <testcase classname="document.trcDoc" name="verification_enregistrement_dossier" time="0.887"/>
  <system-out/>
  <testcase classname="document.trcDoc" name="Trc_depot_documents" time="32.852"/>
  <system-out/>
  <testcase classname="document.trcDoc" name="trc_enregistrement_doc" time="64.055"/>
  <system-out/>
  <testcase classname="document.trcDoc" name="déconnexion" time="1.065"/>
  <system-out/>
</testsuite> <!-- document.trcDoc -->
