<?xml version="1.0" encoding="UTF-8"?>
<!-- Generated by org.testng.reporters.JUnitReportReporter -->
<testsuite hostname="CE75U19135" failures="0" tests="5" name="inscription.Mdp_Validite" time="10.036" errors="0" timestamp="2025-03-12T11:13:56 CET" skipped="0">
  <testcase classname="inscription.Mdp_Validite" name="update_db" time="0.993"/>
  <testcase classname="inscription.Mdp_Validite" name="Initialisation" time="1.632"/>
  <testcase classname="inscription.Mdp_Validite" name="Authentification" time="3.751"/>
  <testcase classname="inscription.Mdp_Validite" name="déconnexion" time="3.308"/>
  <testcase classname="inscription.Mdp_Validite" name="fin" time="0.352"/>
</testsuite> <!-- inscription.Mdp_Validite -->
