<?xml version="1.0" encoding="UTF-8"?>
<!-- Generated by org.testng.reporters.JUnitReportReporter -->
<testsuite hostname="CE75U19135" failures="0" tests="5" name="inscription.mdpValidite" time="15.215" errors="0" timestamp="2024-09-23T16:35:54 CEST" skipped="0">
  <testcase classname="inscription.mdpValidite" name="update_db" time="3.587"/>
  <system-out/>
  <testcase classname="inscription.mdpValidite" name="Initialisation" time="1.789"/>
  <system-out/>
  <testcase classname="inscription.mdpValidite" name="Authentification" time="6.400"/>
  <system-out/>
  <testcase classname="inscription.mdpValidite" name="déconnexion" time="3.254"/>
  <system-out/>
  <testcase classname="inscription.mdpValidite" name="fin" time="0.185"/>
  <system-out/>
</testsuite> <!-- inscription.mdpValidite -->
