<?xml version="1.0" encoding="UTF-8"?>
<!-- Generated by org.testng.reporters.JUnitReportReporter -->
<testsuite hostname="CE75U19135" failures="0" tests="5" name="document.trcDoc" time="304.011" errors="0" timestamp="2025-01-07T14:47:04 CET" skipped="0">
  <testcase classname="document.trcDoc" name="Trc_creation_dossier" time="182.959"/>
  <testcase classname="document.trcDoc" name="verification_enregistrement_dossier" time="0.411"/>
  <testcase classname="document.trcDoc" name="Trc_depot_documents" time="50.529"/>
  <testcase classname="document.trcDoc" name="trc_enregistrement_doc" time="68.496"/>
  <testcase classname="document.trcDoc" name="déconnexion" time="1.616"/>
</testsuite> <!-- document.trcDoc -->
